<?xml version="1.0" encoding="utf-8"?><testsuites name="pytest tests"><testsuite name="pytest" errors="0" failures="0" skipped="0" tests="21" time="12.470" timestamp="2026-04-11T22:19:46.396622+00:00" hostname="agent-env-9fc3fd8f-696c-45b5-8d07-a108f26bb40e"><testcase classname="backend.tests.test_berlin_rent_api.TestAPIHealth" name="test_api_root" time="0.225" /><testcase classname="backend.tests.test_berlin_rent_api.TestAPIHealth" name="test_neighborhoods_endpoint" time="0.117" /><testcase classname="backend.tests.test_berlin_rent_api.TestListingsEndpoints" name="test_get_all_listings" time="2.335" /><testcase classname="backend.tests.test_berlin_rent_api.TestListingsEndpoints" name="test_filter_by_offering_type" time="0.342" /><testcase classname="backend.tests.test_berlin_rent_api.TestListingsEndpoints" name="test_filter_by_looking_type" time="0.381" /><testcase classname="backend.tests.test_berlin_rent_api.TestListingsEndpoints" name="test_filter_by_sharing_rent_type" time="0.350" /><testcase classname="backend.tests.test_berlin_rent_api.TestListingsEndpoints" name="test_filter_by_neighborhood" time="0.351" /><testcase classname="backend.tests.test_berlin_rent_api.TestListingsEndpoints" name="test_filter_by_apartment_type" time="0.340" /><testcase classname="backend.tests.test_berlin_rent_api.TestCreateListings" name="test_create_offering_listing" time="0.349" /><testcase classname="backend.tests.test_berlin_rent_api.TestCreateListings" name="test_create_looking_listing" time="1.810" /><testcase classname="backend.tests.test_berlin_rent_api.TestCreateListings" name="test_create_sharing_rent_listing" time="0.388" /><testcase classname="backend.tests.test_berlin_rent_api.TestCreateListings" name="test_get_single_listing" time="0.684" /><testcase classname="backend.tests.test_berlin_rent_api.TestCreateListings" name="test_get_nonexistent_listing" time="0.403" /><testcase classname="backend.tests.test_berlin_rent_api.TestCommentsEndpoint" name="test_add_comment_to_listing" time="0.678" /><testcase classname="backend.tests.test_berlin_rent_api.TestCommentsEndpoint" name="test_get_comments_for_listing" time="0.687" /><testcase classname="backend.tests.test_berlin_rent_api.TestStatsEndpoints" name="test_dashboard_stats" time="0.352" /><testcase classname="backend.tests.test_berlin_rent_api.TestStatsEndpoints" name="test_neighborhood_stats" time="0.341" /><testcase classname="backend.tests.test_berlin_rent_api.TestListingStructure" name="test_offering_listing_structure" time="0.356" /><testcase classname="backend.tests.test_berlin_rent_api.TestListingStructure" name="test_looking_listing_structure" time="0.350" /><testcase classname="backend.tests.test_berlin_rent_api.TestListingStructure" name="test_sharing_rent_listing_structure" time="0.333" /><testcase classname="backend.tests.test_berlin_rent_api.TestDeleteListing" name="test_delete_listing" time="1.050" /></testsuite></testsuites>